"F:/Unreal projects/test/SPC/Content/Enemy/Character/Materials/MaterialLayers/T_ML_Aluminum01.uasset" 0
"F:/Unreal projects/test/SPC/Content/Enemy/Character/Materials/MaterialLayers/T_ML_Aluminum01.uexp" 1
"F:/Unreal projects/test/SPC/Content/Enemy/Character/Materials/MaterialLayers/T_ML_Aluminum01.ubulk" 2
"F:/Unreal projects/test/SPC/Content/Enemy/Character/Materials/MaterialLayers/T_ML_Aluminum01_N.uasset" 3
"F:/Unreal projects/test/SPC/Content/Enemy/Character/Materials/MaterialLayers/T_ML_Aluminum01_N.uexp" 4
"F:/Unreal projects/test/SPC/Content/Enemy/Character/Materials/MaterialLayers/T_ML_Aluminum01_N.ubulk" 5
"F:/Unreal projects/test/SPC/Content/Enemy/Character/Textures/T_UE4Logo_Mask.uasset" 6
"F:/Unreal projects/test/SPC/Content/Enemy/Character/Textures/T_UE4Logo_Mask.uexp" 7
"F:/Unreal projects/test/SPC/Content/Enemy/Character/Textures/T_UE4Logo_Mask.ubulk" 8
"F:/Unreal projects/test/SPC/Content/Enemy/Character/Materials/MaterialLayers/ML_Plastic_Shiny_Beige_LOGO.uasset" 9
"F:/Unreal projects/test/SPC/Content/Enemy/Character/Materials/MaterialLayers/ML_Plastic_Shiny_Beige_LOGO.uexp" 10
"F:/Unreal projects/test/SPC/Content/Enemy/Character/Materials/MaterialLayers/ML_SoftMetal_UE4.uasset" 11
"F:/Unreal projects/test/SPC/Content/Enemy/Character/Materials/MaterialLayers/ML_SoftMetal_UE4.uexp" 12
"F:/Unreal projects/test/SPC/Content/Enemy/Character/Materials/MaterialLayers/ML_Plastic_Shiny_Beige.uasset" 13
"F:/Unreal projects/test/SPC/Content/Enemy/Character/Materials/MaterialLayers/ML_Plastic_Shiny_Beige.uexp" 14
"F:/Unreal projects/test/SPC/Content/Enemy/Character/Materials/MaterialLayers/T_ML_Rubber_Blue_01_D.uasset" 15
"F:/Unreal projects/test/SPC/Content/Enemy/Character/Materials/MaterialLayers/T_ML_Rubber_Blue_01_D.uexp" 16
"F:/Unreal projects/test/SPC/Content/Enemy/Character/Materials/MaterialLayers/T_ML_Rubber_Blue_01_D.ubulk" 17
"F:/Unreal projects/test/SPC/Content/Enemy/Character/Materials/MaterialLayers/T_ML_Rubber_Blue_01_N.uasset" 18
"F:/Unreal projects/test/SPC/Content/Enemy/Character/Materials/MaterialLayers/T_ML_Rubber_Blue_01_N.uexp" 19
"F:/Unreal projects/test/SPC/Content/Enemy/Character/Materials/MaterialLayers/T_ML_Rubber_Blue_01_N.ubulk" 20
"F:/Unreal projects/test/SPC/Content/Enemy/Character/Materials/MaterialLayers/ML_GlossyBlack_Latex_UE4.uasset" 21
"F:/Unreal projects/test/SPC/Content/Enemy/Character/Materials/MaterialLayers/ML_GlossyBlack_Latex_UE4.uexp" 22
"../../../Engine/Content/Functions/MaterialLayerFunctions/MatLayerBlend_Simple.uasset" 23
"../../../Engine/Content/Functions/MaterialLayerFunctions/MatLayerBlend_Simple.uexp" 24
"../../../Engine/Content/Functions/Engine_MaterialFunctions02/Utility/BlendAngleCorrectedNormals.uasset" 25
"../../../Engine/Content/Functions/Engine_MaterialFunctions02/Utility/BlendAngleCorrectedNormals.uexp" 26
"../../../Engine/Content/Functions/MaterialLayerFunctions/MatLayerBlend_NormalBlend.uasset" 27
"../../../Engine/Content/Functions/MaterialLayerFunctions/MatLayerBlend_NormalBlend.uexp" 28
"F:/Unreal projects/test/SPC/Content/Enemy/Character/Textures/T_Male_N.uasset" 29
"F:/Unreal projects/test/SPC/Content/Enemy/Character/Textures/T_Male_N.uexp" 30
"F:/Unreal projects/test/SPC/Content/Enemy/Character/Textures/T_Male_N.ubulk" 31
"F:/Unreal projects/test/SPC/Content/Enemy/Character/Textures/T_Male_Mask.uasset" 32
"F:/Unreal projects/test/SPC/Content/Enemy/Character/Textures/T_Male_Mask.uexp" 33
"F:/Unreal projects/test/SPC/Content/Enemy/Character/Textures/T_Male_Mask.ubulk" 34
"F:/Unreal projects/test/SPC/Content/Enemy/Character/Materials/M_Male_Body.uasset" 35
"F:/Unreal projects/test/SPC/Content/Enemy/Character/Materials/M_Male_Body.uexp" 36
"F:/Unreal projects/test/SPC/Content/Enemy/Character/Mesh/UE4_Mannequin_Skeleton.uasset" 37
"F:/Unreal projects/test/SPC/Content/Enemy/Character/Mesh/UE4_Mannequin_Skeleton.uexp" 38
"F:/Unreal projects/test/SPC/Content/Enemy/Character/Mesh/SK_Mannequin_PhysicsAsset.uasset" 39
"F:/Unreal projects/test/SPC/Content/Enemy/Character/Mesh/SK_Mannequin_PhysicsAsset.uexp" 40
"F:/Unreal projects/test/SPC/Content/Enemy/Character/Textures/T_UE4Logo_N.uasset" 41
"F:/Unreal projects/test/SPC/Content/Enemy/Character/Textures/T_UE4Logo_N.uexp" 42
"F:/Unreal projects/test/SPC/Content/Enemy/Character/Textures/T_UE4Logo_N.ubulk" 43
"F:/Unreal projects/test/SPC/Content/Enemy/Character/Materials/M_UE4Man_ChestLogo.uasset" 44
"F:/Unreal projects/test/SPC/Content/Enemy/Character/Materials/M_UE4Man_ChestLogo.uexp" 45
"F:/Unreal projects/test/SPC/Content/Enemy/Character/Mesh/SK_Mannequin.uasset" 46
"F:/Unreal projects/test/SPC/Content/Enemy/Character/Mesh/SK_Mannequin.uexp" 47
"../../../Engine/Content/Animation/DefaultAnimCurveCompressionSettings.uasset" 48
"../../../Engine/Content/Animation/DefaultAnimCurveCompressionSettings.uexp" 49
"../../../Engine/Content/Animation/DefaultAnimBoneCompressionSettings.uasset" 50
"../../../Engine/Content/Animation/DefaultAnimBoneCompressionSettings.uexp" 51
"F:/Unreal projects/test/SPC/Content/Enemy/Animations/ThirdPersonWalk.uasset" 52
"F:/Unreal projects/test/SPC/Content/Enemy/Animations/ThirdPersonWalk.uexp" 53
"F:/Unreal projects/test/SPC/Content/Enemy/Animations/ThirdPersonRun.uasset" 54
"F:/Unreal projects/test/SPC/Content/Enemy/Animations/ThirdPersonRun.uexp" 55
"F:/Unreal projects/test/SPC/Content/Enemy/Animations/ThirdPersonIdle.uasset" 56
"F:/Unreal projects/test/SPC/Content/Enemy/Animations/ThirdPersonIdle.uexp" 57
"F:/Unreal projects/test/SPC/Content/Enemy/Animations/ThirdPerson_IdleRun_2D.uasset" 58
"F:/Unreal projects/test/SPC/Content/Enemy/Animations/ThirdPerson_IdleRun_2D.uexp" 59
"F:/Unreal projects/test/SPC/Content/Enemy/Animations/ThirdPerson_Jump.uasset" 60
"F:/Unreal projects/test/SPC/Content/Enemy/Animations/ThirdPerson_Jump.uexp" 61
"F:/Unreal projects/test/SPC/Content/Enemy/Animations/ThirdPersonJump_Start.uasset" 62
"F:/Unreal projects/test/SPC/Content/Enemy/Animations/ThirdPersonJump_Start.uexp" 63
"F:/Unreal projects/test/SPC/Content/Enemy/Animations/ThirdPersonJump_Loop.uasset" 64
"F:/Unreal projects/test/SPC/Content/Enemy/Animations/ThirdPersonJump_Loop.uexp" 65
"F:/Unreal projects/test/SPC/Content/Enemy/Animations/ThirdPerson_AnimBP.uasset" 66
"F:/Unreal projects/test/SPC/Content/Enemy/Animations/ThirdPerson_AnimBP.uexp" 67
"F:/Unreal projects/test/SPC/Content/Enemy/EnemyAI.uasset" 68
"F:/Unreal projects/test/SPC/Content/Enemy/EnemyAI.uexp" 69
"F:/Unreal projects/test/SPC/Content/Enemy/Spawner.uasset" 70
"F:/Unreal projects/test/SPC/Content/Enemy/Spawner.uexp" 71
"F:/Unreal projects/test/SPC/Content/Enemy/EnemyDataStructure.uasset" 72
"F:/Unreal projects/test/SPC/Content/Enemy/EnemyDataStructure.uexp" 73
"F:/Unreal projects/test/SPC/Content/Enemy/EnemyDataTable.uasset" 74
"F:/Unreal projects/test/SPC/Content/Enemy/EnemyDataTable.uexp" 75
"F:/Unreal projects/test/SPC/Content/FirstPersonBP/Blueprints/Damage.uasset" 76
"F:/Unreal projects/test/SPC/Content/FirstPersonBP/Blueprints/Damage.uexp" 77
"../../../Engine/Content/EngineSounds/Music.uasset" 78
"../../../Engine/Content/EngineSounds/Music.uexp" 79
"../../../Engine/Content/EngineSounds/Normal_Attack.uasset" 80
"../../../Engine/Content/EngineSounds/Normal_Attack.uexp" 81
"../../../Engine/Content/EngineSounds/Duck_Normal_Attack_MixMod.uasset" 82
"../../../Engine/Content/EngineSounds/Duck_Normal_Attack_MixMod.uexp" 83
"../../../Engine/Content/EngineSounds/Special_Attack_PSM.uasset" 84
"../../../Engine/Content/EngineSounds/Special_Attack_PSM.uexp" 85
"../../../Engine/Content/EngineSounds/SFX.uasset" 86
"../../../Engine/Content/EngineSounds/SFX.uexp" 87
"F:/Unreal projects/test/SPC/Content/FirstPerson/Audio/MusicClass.uasset" 88
"F:/Unreal projects/test/SPC/Content/FirstPerson/Audio/MusicClass.uexp" 89
"F:/Unreal projects/test/SPC/Content/FirstPerson/Audio/MasterClass.uasset" 90
"F:/Unreal projects/test/SPC/Content/FirstPerson/Audio/MasterClass.uexp" 91
"F:/Unreal projects/test/SPC/Content/FirstPerson/Audio/SFXClass.uasset" 92
"F:/Unreal projects/test/SPC/Content/FirstPerson/Audio/SFXClass.uexp" 93
"F:/Unreal projects/test/SPC/Content/FirstPerson/Audio/reload.uasset" 94
"F:/Unreal projects/test/SPC/Content/FirstPerson/Audio/reload.uexp" 95
"F:/Unreal projects/test/SPC/Content/FirstPerson/Audio/ReloadCue.uasset" 96
"F:/Unreal projects/test/SPC/Content/FirstPerson/Audio/ReloadCue.uexp" 97
"F:/Unreal projects/test/SPC/Content/FirstPerson/Audio/gunshot.uasset" 98
"F:/Unreal projects/test/SPC/Content/FirstPerson/Audio/gunshot.uexp" 99
"F:/Unreal projects/test/SPC/Content/FirstPerson/Audio/GunShotCue.uasset" 100
"F:/Unreal projects/test/SPC/Content/FirstPerson/Audio/GunShotCue.uexp" 101
"F:/Unreal projects/test/SPC/Content/FirstPerson/Character/Mesh/SK_Mannequin_Arms_Skeleton.uasset" 102
"F:/Unreal projects/test/SPC/Content/FirstPerson/Character/Mesh/SK_Mannequin_Arms_Skeleton.uexp" 103
"F:/Unreal projects/test/SPC/Content/FirstPerson/Animations/FirstPerson_Fire.uasset" 104
"F:/Unreal projects/test/SPC/Content/FirstPerson/Animations/FirstPerson_Fire.uexp" 105
"F:/Unreal projects/test/SPC/Content/FirstPerson/Animations/FirstPersonFire_Montage.uasset" 106
"F:/Unreal projects/test/SPC/Content/FirstPerson/Animations/FirstPersonFire_Montage.uexp" 107
"F:/Unreal projects/test/SPC/Content/FirstPerson/Animations/FirstPerson_Run.uasset" 108
"F:/Unreal projects/test/SPC/Content/FirstPerson/Animations/FirstPerson_Run.uexp" 109
"F:/Unreal projects/test/SPC/Content/FirstPerson/Animations/FirstPerson_JumpStart.uasset" 110
"F:/Unreal projects/test/SPC/Content/FirstPerson/Animations/FirstPerson_JumpStart.uexp" 111
"F:/Unreal projects/test/SPC/Content/FirstPerson/Animations/FirstPerson_JumpLoop.uasset" 112
"F:/Unreal projects/test/SPC/Content/FirstPerson/Animations/FirstPerson_JumpLoop.uexp" 113
"F:/Unreal projects/test/SPC/Content/FirstPerson/Animations/FirstPerson_JumpEnd.uasset" 114
"F:/Unreal projects/test/SPC/Content/FirstPerson/Animations/FirstPerson_JumpEnd.uexp" 115
"F:/Unreal projects/test/SPC/Content/FirstPerson/Animations/FirstPerson_Idle.uasset" 116
"F:/Unreal projects/test/SPC/Content/FirstPerson/Animations/FirstPerson_Idle.uexp" 117
"F:/Unreal projects/test/SPC/Content/FirstPerson/Animations/FirstPerson_AnimBP.uasset" 118
"F:/Unreal projects/test/SPC/Content/FirstPerson/Animations/FirstPerson_AnimBP.uexp" 119
"F:/Unreal projects/test/SPC/Content/FirstPerson/Character/Materials/MaterialLayers/T_ML_Rubber_Blue_01_D.uasset" 120
"F:/Unreal projects/test/SPC/Content/FirstPerson/Character/Materials/MaterialLayers/T_ML_Rubber_Blue_01_D.uexp" 121
"F:/Unreal projects/test/SPC/Content/FirstPerson/Character/Materials/MaterialLayers/T_ML_Rubber_Blue_01_D.ubulk" 122
"F:/Unreal projects/test/SPC/Content/FirstPerson/Character/Materials/MaterialLayers/T_ML_Rubber_Blue_01_N.uasset" 123
"F:/Unreal projects/test/SPC/Content/FirstPerson/Character/Materials/MaterialLayers/T_ML_Rubber_Blue_01_N.uexp" 124
"F:/Unreal projects/test/SPC/Content/FirstPerson/Character/Materials/MaterialLayers/T_ML_Rubber_Blue_01_N.ubulk" 125
"F:/Unreal projects/test/SPC/Content/FirstPerson/Character/Materials/MaterialLayers/ML_GlossyBlack_Latex_UE4.uasset" 126
"F:/Unreal projects/test/SPC/Content/FirstPerson/Character/Materials/MaterialLayers/ML_GlossyBlack_Latex_UE4.uexp" 127
"F:/Unreal projects/test/SPC/Content/FirstPerson/Character/Materials/MaterialLayers/ML_Plastic_Shiny_Beige.uasset" 128
"F:/Unreal projects/test/SPC/Content/FirstPerson/Character/Materials/MaterialLayers/ML_Plastic_Shiny_Beige.uexp" 129
"F:/Unreal projects/test/SPC/Content/FirstPerson/Character/Textures/UE4_LOGO_CARD.uasset" 130
"F:/Unreal projects/test/SPC/Content/FirstPerson/Character/Textures/UE4_LOGO_CARD.uexp" 131
"F:/Unreal projects/test/SPC/Content/FirstPerson/Character/Textures/UE4_LOGO_CARD.ubulk" 132
"F:/Unreal projects/test/SPC/Content/FirstPerson/Character/Materials/MaterialLayers/ML_Plastic_Shiny_Beige_LOGO.uasset" 133
"F:/Unreal projects/test/SPC/Content/FirstPerson/Character/Materials/MaterialLayers/ML_Plastic_Shiny_Beige_LOGO.uexp" 134
"F:/Unreal projects/test/SPC/Content/FirstPerson/Character/Materials/MaterialLayers/T_ML_Aluminum01.uasset" 135
"F:/Unreal projects/test/SPC/Content/FirstPerson/Character/Materials/MaterialLayers/T_ML_Aluminum01.uexp" 136
"F:/Unreal projects/test/SPC/Content/FirstPerson/Character/Materials/MaterialLayers/T_ML_Aluminum01.ubulk" 137
"F:/Unreal projects/test/SPC/Content/FirstPerson/Character/Materials/MaterialLayers/T_ML_Aluminum01_N.uasset" 138
"F:/Unreal projects/test/SPC/Content/FirstPerson/Character/Materials/MaterialLayers/T_ML_Aluminum01_N.uexp" 139
"F:/Unreal projects/test/SPC/Content/FirstPerson/Character/Materials/MaterialLayers/T_ML_Aluminum01_N.ubulk" 140
"F:/Unreal projects/test/SPC/Content/FirstPerson/Character/Materials/MaterialLayers/ML_SoftMetal_UE4.uasset" 141
"F:/Unreal projects/test/SPC/Content/FirstPerson/Character/Materials/MaterialLayers/ML_SoftMetal_UE4.uexp" 142
"F:/Unreal projects/test/SPC/Content/FirstPerson/Character/Textures/UE4_Mannequin__normals.uasset" 143
"F:/Unreal projects/test/SPC/Content/FirstPerson/Character/Textures/UE4_Mannequin__normals.uexp" 144
"F:/Unreal projects/test/SPC/Content/FirstPerson/Character/Textures/UE4_Mannequin__normals.ubulk" 145
"F:/Unreal projects/test/SPC/Content/FirstPerson/Character/Textures/UE4_Mannequin_MAT_MASKA.uasset" 146
"F:/Unreal projects/test/SPC/Content/FirstPerson/Character/Textures/UE4_Mannequin_MAT_MASKA.uexp" 147
"F:/Unreal projects/test/SPC/Content/FirstPerson/Character/Textures/UE4_Mannequin_MAT_MASKA.ubulk" 148
"F:/Unreal projects/test/SPC/Content/FirstPerson/Character/Materials/M_UE4Man_Body.uasset" 149
"F:/Unreal projects/test/SPC/Content/FirstPerson/Character/Materials/M_UE4Man_Body.uexp" 150
"F:/Unreal projects/test/SPC/Content/FirstPerson/Character/Mesh/SK_Mannequin_Arms_PhysicsAsset.uasset" 151
"F:/Unreal projects/test/SPC/Content/FirstPerson/Character/Mesh/SK_Mannequin_Arms_PhysicsAsset.uexp" 152
"F:/Unreal projects/test/SPC/Content/FirstPerson/Character/Mesh/SK_Mannequin_Arms.uasset" 153
"F:/Unreal projects/test/SPC/Content/FirstPerson/Character/Mesh/SK_Mannequin_Arms.uexp" 154
"F:/Unreal projects/test/SPC/Content/FirstPerson/Meshes/BaseMaterial.uasset" 155
"F:/Unreal projects/test/SPC/Content/FirstPerson/Meshes/BaseMaterial.uexp" 156
"F:/Unreal projects/test/SPC/Content/FirstPerson/Meshes/FirstPersonProjectileMaterial.uasset" 157
"F:/Unreal projects/test/SPC/Content/FirstPerson/Meshes/FirstPersonProjectileMaterial.uexp" 158
"F:/Unreal projects/test/SPC/Content/FirstPerson/Meshes/FirstPersonProjectileMesh.uasset" 159
"F:/Unreal projects/test/SPC/Content/FirstPerson/Meshes/FirstPersonProjectileMesh.uexp" 160
"F:/Unreal projects/test/SPC/Content/FirstPersonBP/Blueprints/Projectile.uasset" 161
"F:/Unreal projects/test/SPC/Content/FirstPersonBP/Blueprints/Projectile.uexp" 162
"F:/Unreal projects/test/SPC/Content/FPWeapon/Materials/MaterialLayers/T_ML_Rubber_Blue_01_D.uasset" 163
"F:/Unreal projects/test/SPC/Content/FPWeapon/Materials/MaterialLayers/T_ML_Rubber_Blue_01_D.uexp" 164
"F:/Unreal projects/test/SPC/Content/FPWeapon/Materials/MaterialLayers/T_ML_Rubber_Blue_01_D.ubulk" 165
"F:/Unreal projects/test/SPC/Content/FPWeapon/Materials/MaterialLayers/T_ML_Rubber_Blue_01_N.uasset" 166
"F:/Unreal projects/test/SPC/Content/FPWeapon/Materials/MaterialLayers/T_ML_Rubber_Blue_01_N.uexp" 167
"F:/Unreal projects/test/SPC/Content/FPWeapon/Materials/MaterialLayers/T_ML_Rubber_Blue_01_N.ubulk" 168
"F:/Unreal projects/test/SPC/Content/FPWeapon/Materials/MaterialLayers/ML_GlossyBlack_Latex_UE4.uasset" 169
"F:/Unreal projects/test/SPC/Content/FPWeapon/Materials/MaterialLayers/ML_GlossyBlack_Latex_UE4.uexp" 170
"F:/Unreal projects/test/SPC/Content/FPWeapon/Materials/MaterialLayers/ML_Plastic_Shiny_Beige.uasset" 171
"F:/Unreal projects/test/SPC/Content/FPWeapon/Materials/MaterialLayers/ML_Plastic_Shiny_Beige.uexp" 172
"F:/Unreal projects/test/SPC/Content/FPWeapon/Materials/MaterialLayers/ML_Screen.uasset" 173
"F:/Unreal projects/test/SPC/Content/FPWeapon/Materials/MaterialLayers/ML_Screen.uexp" 174
"F:/Unreal projects/test/SPC/Content/FPWeapon/Materials/MaterialLayers/T_ML_Aluminum01_N.uasset" 175
"F:/Unreal projects/test/SPC/Content/FPWeapon/Materials/MaterialLayers/T_ML_Aluminum01_N.uexp" 176
"F:/Unreal projects/test/SPC/Content/FPWeapon/Materials/MaterialLayers/T_ML_Aluminum01_N.ubulk" 177
"F:/Unreal projects/test/SPC/Content/FPWeapon/Materials/MaterialLayers/T_ML_Aluminum01.uasset" 178
"F:/Unreal projects/test/SPC/Content/FPWeapon/Materials/MaterialLayers/T_ML_Aluminum01.uexp" 179
"F:/Unreal projects/test/SPC/Content/FPWeapon/Materials/MaterialLayers/T_ML_Aluminum01.ubulk" 180
"F:/Unreal projects/test/SPC/Content/FPWeapon/Materials/MaterialLayers/ML_SoftMetal_UE4.uasset" 181
"F:/Unreal projects/test/SPC/Content/FPWeapon/Materials/MaterialLayers/ML_SoftMetal_UE4.uexp" 182
"F:/Unreal projects/test/SPC/Content/FPWeapon/Textures/T_FPGun_N.uasset" 183
"F:/Unreal projects/test/SPC/Content/FPWeapon/Textures/T_FPGun_N.uexp" 184
"F:/Unreal projects/test/SPC/Content/FPWeapon/Textures/T_FPGun_N.ubulk" 185
"F:/Unreal projects/test/SPC/Content/FPWeapon/Textures/T_FPGun_M.uasset" 186
"F:/Unreal projects/test/SPC/Content/FPWeapon/Textures/T_FPGun_M.uexp" 187
"F:/Unreal projects/test/SPC/Content/FPWeapon/Textures/T_FPGun_M.ubulk" 188
"F:/Unreal projects/test/SPC/Content/FPWeapon/Materials/M_FPGun.uasset" 189
"F:/Unreal projects/test/SPC/Content/FPWeapon/Materials/M_FPGun.uexp" 190
"F:/Unreal projects/test/SPC/Content/FPWeapon/Mesh/SK_FPGun_PhysicsAsset.uasset" 191
"F:/Unreal projects/test/SPC/Content/FPWeapon/Mesh/SK_FPGun_PhysicsAsset.uexp" 192
"F:/Unreal projects/test/SPC/Content/FPWeapon/Mesh/SK_FPGun_Skeleton.uasset" 193
"F:/Unreal projects/test/SPC/Content/FPWeapon/Mesh/SK_FPGun_Skeleton.uexp" 194
"F:/Unreal projects/test/SPC/Content/FPWeapon/Mesh/SK_FPGun.uasset" 195
"F:/Unreal projects/test/SPC/Content/FPWeapon/Mesh/SK_FPGun.uexp" 196
"F:/Unreal projects/test/SPC/Content/FirstPerson/Audio/SoundMix.uasset" 197
"F:/Unreal projects/test/SPC/Content/FirstPerson/Audio/SoundMix.uexp" 198
"F:/Unreal projects/test/SPC/Content/Menu/bgimg.uasset" 199
"F:/Unreal projects/test/SPC/Content/Menu/bgimg.uexp" 200
"F:/Unreal projects/test/SPC/Content/Menu/CreditsMenu.uasset" 201
"F:/Unreal projects/test/SPC/Content/Menu/CreditsMenu.uexp" 202
"F:/Unreal projects/test/SPC/Content/Menu/MainMenu.uasset" 203
"F:/Unreal projects/test/SPC/Content/Menu/MainMenu.uexp" 204
"F:/Unreal projects/test/SPC/Content/Menu/drparw.uasset" 205
"F:/Unreal projects/test/SPC/Content/Menu/drparw.uexp" 206
"F:/Unreal projects/test/SPC/Content/Menu/OptionsMenu.uasset" 207
"F:/Unreal projects/test/SPC/Content/Menu/OptionsMenu.uexp" 208
"F:/Unreal projects/test/SPC/Content/Menu/DeathMenu.uasset" 209
"F:/Unreal projects/test/SPC/Content/Menu/DeathMenu.uexp" 210
"F:/Unreal projects/test/SPC/Content/Menu/PauseMenu.uasset" 211
"F:/Unreal projects/test/SPC/Content/Menu/PauseMenu.uexp" 212
"F:/Unreal projects/test/SPC/Content/FirstPersonBP/Blueprints/FPCharacter.uasset" 213
"F:/Unreal projects/test/SPC/Content/FirstPersonBP/Blueprints/FPCharacter.uexp" 214
"F:/Unreal projects/test/SPC/Content/Enemy/AIHealthSmall.uasset" 215
"F:/Unreal projects/test/SPC/Content/Enemy/AIHealthSmall.uexp" 216
"F:/Unreal projects/test/SPC/Content/Enemy/EnemyAISmall.uasset" 217
"F:/Unreal projects/test/SPC/Content/Enemy/EnemyAISmall.uexp" 218
"F:/Unreal projects/test/SPC/Content/Enemy/AIHealthLarge.uasset" 219
"F:/Unreal projects/test/SPC/Content/Enemy/AIHealthLarge.uexp" 220
"F:/Unreal projects/test/SPC/Content/Enemy/EnemyAILarge.uasset" 221
"F:/Unreal projects/test/SPC/Content/Enemy/EnemyAILarge.uexp" 222
"F:/Unreal projects/test/SPC/Content/FirstPerson/Textures/crosshair.uasset" 223
"F:/Unreal projects/test/SPC/Content/FirstPerson/Textures/crosshair.uexp" 224
"F:/Unreal projects/test/SPC/Content/FirstPersonBP/Blueprints/FirstPersonHUD.uasset" 225
"F:/Unreal projects/test/SPC/Content/FirstPersonBP/Blueprints/FirstPersonHUD.uexp" 226
"F:/Unreal projects/test/SPC/Content/FirstPersonBP/Blueprints/SPCGameMode.uasset" 227
"F:/Unreal projects/test/SPC/Content/FirstPersonBP/Blueprints/SPCGameMode.uexp" 228
"../../../Engine/Content/Functions/Engine_MaterialFunctions01/Opacity/CameraDepthFade.uasset" 229
"../../../Engine/Content/Functions/Engine_MaterialFunctions01/Opacity/CameraDepthFade.uexp" 230
"../../../Engine/Content/EngineMaterials/T_Default_Material_Grid_N.uasset" 231
"../../../Engine/Content/EngineMaterials/T_Default_Material_Grid_N.uexp" 232
"../../../Engine/Content/EngineMaterials/T_Default_Material_Grid_N.ubulk" 233
"../../../Engine/Content/EngineMaterials/T_Default_Material_Grid_M.uasset" 234
"../../../Engine/Content/EngineMaterials/T_Default_Material_Grid_M.uexp" 235
"../../../Engine/Content/EngineMaterials/T_Default_Material_Grid_M.ubulk" 236
"../../../Engine/Content/EngineMaterials/WorldGridMaterial.uasset" 237
"../../../Engine/Content/EngineMaterials/WorldGridMaterial.uexp" 238
"../../../Engine/Content/ArtTools/RenderToTexture/Meshes/S_1_Unit_Plane.uasset" 239
"../../../Engine/Content/ArtTools/RenderToTexture/Meshes/S_1_Unit_Plane.uexp" 240
"../../../Engine/Content/EngineMaterials/DefaultMaterial.uasset" 241
"../../../Engine/Content/EngineMaterials/DefaultMaterial.uexp" 242
"../../../Engine/Content/BasicShapes/Cone.uasset" 243
"../../../Engine/Content/BasicShapes/Cone.uexp" 244
"../../../Engine/Content/BasicShapes/Cube.uasset" 245
"../../../Engine/Content/BasicShapes/Cube.uexp" 246
"../../../Engine/Content/BasicShapes/Plane.uasset" 247
"../../../Engine/Content/BasicShapes/Plane.uexp" 248
"../../../Engine/Content/BasicShapes/Sphere.uasset" 249
"../../../Engine/Content/BasicShapes/Sphere.uexp" 250
"../../../Engine/Content/EngineDamageTypes/DmgTypeBP_Environmental.uasset" 251
"../../../Engine/Content/EngineDamageTypes/DmgTypeBP_Environmental.uexp" 252
"../../../Engine/Content/EngineDebugMaterials/DebugEditorMaterial.uasset" 253
"../../../Engine/Content/EngineDebugMaterials/DebugEditorMaterial.uexp" 254
"../../../Engine/Content/EngineDebugMaterials/DebugMeshMaterial.uasset" 255
"../../../Engine/Content/EngineDebugMaterials/DebugMeshMaterial.uexp" 256
"../../../Engine/Content/EngineDebugMaterials/M_SimpleUnlitTranslucent.uasset" 257
"../../../Engine/Content/EngineDebugMaterials/M_SimpleUnlitTranslucent.uexp" 258
"../../../Engine/Content/EngineDebugMaterials/VolumeToRender.uasset" 259
"../../../Engine/Content/EngineDebugMaterials/VolumeToRender.uexp" 260
"../../../Engine/Content/Functions/Engine_MaterialFunctions02/Utility/CameraDirectionVector.uasset" 261
"../../../Engine/Content/Functions/Engine_MaterialFunctions02/Utility/CameraDirectionVector.uexp" 262
"../../../Engine/Content/EngineDebugMaterials/M_VolumeRenderSphereTracePP.uasset" 263
"../../../Engine/Content/EngineDebugMaterials/M_VolumeRenderSphereTracePP.uexp" 264
"../../../Engine/Content/Functions/Engine_MaterialFunctions01/Shading/ConvertFromDiffSpec.uasset" 265
"../../../Engine/Content/Functions/Engine_MaterialFunctions01/Shading/ConvertFromDiffSpec.uexp" 266
"../../../Engine/Content/EngineDebugMaterials/VertexColorMaterial.uasset" 267
"../../../Engine/Content/EngineDebugMaterials/VertexColorMaterial.uexp" 268
"../../../Engine/Content/EngineDebugMaterials/WireframeMaterial.uasset" 269
"../../../Engine/Content/EngineDebugMaterials/WireframeMaterial.uexp" 270
"../../../Engine/Content/EngineFonts/Faces/RobotoRegular.uasset" 271
"../../../Engine/Content/EngineFonts/Faces/RobotoRegular.uexp" 272
"../../../Engine/Content/EngineFonts/Faces/RobotoRegular.ufont" 273
"../../../Engine/Content/EngineFonts/Faces/RobotoLight.uasset" 274
"../../../Engine/Content/EngineFonts/Faces/RobotoLight.uexp" 275
"../../../Engine/Content/EngineFonts/Faces/RobotoLight.ufont" 276
"../../../Engine/Content/EngineFonts/Faces/RobotoItalic.uasset" 277
"../../../Engine/Content/EngineFonts/Faces/RobotoItalic.uexp" 278
"../../../Engine/Content/EngineFonts/Faces/RobotoItalic.ufont" 279
"../../../Engine/Content/EngineFonts/Faces/RobotoBoldItalic.uasset" 280
"../../../Engine/Content/EngineFonts/Faces/RobotoBoldItalic.uexp" 281
"../../../Engine/Content/EngineFonts/Faces/RobotoBoldItalic.ufont" 282
"../../../Engine/Content/EngineFonts/Faces/RobotoBold.uasset" 283
"../../../Engine/Content/EngineFonts/Faces/RobotoBold.uexp" 284
"../../../Engine/Content/EngineFonts/Faces/RobotoBold.ufont" 285
"../../../Engine/Content/EngineFonts/Faces/DroidSansFallback.uasset" 286
"../../../Engine/Content/EngineFonts/Faces/DroidSansFallback.uexp" 287
"../../../Engine/Content/EngineFonts/Faces/DroidSansFallback.ufont" 288
"../../../Engine/Content/EngineFonts/Roboto.uasset" 289
"../../../Engine/Content/EngineFonts/Roboto.uexp" 290
"../../../Engine/Content/EngineMaterials/BaseFlattenNormalMap.uasset" 291
"../../../Engine/Content/EngineMaterials/BaseFlattenNormalMap.uexp" 292
"../../../Engine/Content/EngineMaterials/BaseFlattenGrayscaleMap.uasset" 293
"../../../Engine/Content/EngineMaterials/BaseFlattenGrayscaleMap.uexp" 294
"../../../Engine/Content/EngineMaterials/BaseFlattenEmissiveMap.uasset" 295
"../../../Engine/Content/EngineMaterials/BaseFlattenEmissiveMap.uexp" 296
"../../../Engine/Content/EngineMaterials/BaseFlattenDiffuseMap.uasset" 297
"../../../Engine/Content/EngineMaterials/BaseFlattenDiffuseMap.uexp" 298
"../../../Engine/Content/EngineMaterials/BaseFlattenMaterial.uasset" 299
"../../../Engine/Content/EngineMaterials/BaseFlattenMaterial.uexp" 300
"../../../Engine/Content/EngineMaterials/BlueNoise.uasset" 301
"../../../Engine/Content/EngineMaterials/BlueNoise.uexp" 302
"../../../Engine/Content/EngineMaterials/DefaultBloomKernel.uasset" 303
"../../../Engine/Content/EngineMaterials/DefaultBloomKernel.uexp" 304
"../../../Engine/Content/EngineMaterials/DefaultBokeh.uasset" 305
"../../../Engine/Content/EngineMaterials/DefaultBokeh.uexp" 306
"../../../Engine/Content/EngineMaterials/DefaultDiffuse.uasset" 307
"../../../Engine/Content/EngineMaterials/DefaultDiffuse.uexp" 308
"../../../Engine/Content/EngineMaterials/DefaultDiffuse.ubulk" 309
"../../../Engine/Content/EngineMaterials/DefaultDeferredDecalMaterial.uasset" 310
"../../../Engine/Content/EngineMaterials/DefaultDeferredDecalMaterial.uexp" 311
"../../../Engine/Content/EngineMaterials/DefaultLightFunctionMaterial.uasset" 312
"../../../Engine/Content/EngineMaterials/DefaultLightFunctionMaterial.uexp" 313
"../../../Engine/Content/EngineMaterials/DefaultPhysicalMaterial.uasset" 314
"../../../Engine/Content/EngineMaterials/DefaultPhysicalMaterial.uexp" 315
"../../../Engine/Content/Functions/Engine_MaterialFunctions02/Utility/BreakOutFloat2Components.uasset" 316
"../../../Engine/Content/Functions/Engine_MaterialFunctions02/Utility/BreakOutFloat2Components.uexp" 317
"../../../Engine/Content/EngineMaterials/DefaultPostProcessMaterial.uasset" 318
"../../../Engine/Content/EngineMaterials/DefaultPostProcessMaterial.uexp" 319
"../../../Engine/Content/EngineFonts/RobotoDistanceField.uasset" 320
"../../../Engine/Content/EngineFonts/RobotoDistanceField.uexp" 321
"../../../Engine/Content/EngineMaterials/DefaultTextMaterialOpaque.uasset" 322
"../../../Engine/Content/EngineMaterials/DefaultTextMaterialOpaque.uexp" 323
"../../../Engine/Content/EngineMaterials/DefaultWhiteGrid.uasset" 324
"../../../Engine/Content/EngineMaterials/DefaultWhiteGrid.uexp" 325
"../../../Engine/Content/EngineMaterials/DefaultWhiteGrid.ubulk" 326
"../../../Engine/Content/EngineMaterials/DefaultWhiteGrid_Low.uasset" 327
"../../../Engine/Content/EngineMaterials/DefaultWhiteGrid_Low.uexp" 328
"../../../Engine/Content/EngineMaterials/EmissiveMeshMaterial.uasset" 329
"../../../Engine/Content/EngineMaterials/EmissiveMeshMaterial.uexp" 330
"../../../Engine/Content/EngineMaterials/GizmoMaterial.uasset" 331
"../../../Engine/Content/EngineMaterials/GizmoMaterial.uexp" 332
"../../../Engine/Content/EngineMaterials/Good64x64TilingNoiseHighFreq.uasset" 333
"../../../Engine/Content/EngineMaterials/Good64x64TilingNoiseHighFreq.uexp" 334
"../../../Engine/Content/EngineMaterials/MiniFont.uasset" 335
"../../../Engine/Content/EngineMaterials/MiniFont.uexp" 336
"../../../Engine/Content/EngineMaterials/InvalidLightmapSettings.uasset" 337
"../../../Engine/Content/EngineMaterials/InvalidLightmapSettings.uexp" 338
"../../../Engine/Content/EngineMaterials/InvalidLightmapSettings.ubulk" 339
"../../../Engine/Content/EngineMaterials/M_InvalidLightmapSettings.uasset" 340
"../../../Engine/Content/EngineMaterials/M_InvalidLightmapSettings.uexp" 341
"../../../Engine/Content/Functions/Engine_MaterialFunctions02/WorldPositionOffset/CameraOffset.uasset" 342
"../../../Engine/Content/Functions/Engine_MaterialFunctions02/WorldPositionOffset/CameraOffset.uexp" 343
"../../../Engine/Content/EngineMaterials/PhAT_JointLimitMaterial.uasset" 344
"../../../Engine/Content/EngineMaterials/PhAT_JointLimitMaterial.uexp" 345
"../../../Engine/Content/EngineMaterials/DefaultCalibrationColor.uasset" 346
"../../../Engine/Content/EngineMaterials/DefaultCalibrationColor.uexp" 347
"../../../Engine/Content/EngineMaterials/PPM_DefaultCalibrationColor.uasset" 348
"../../../Engine/Content/EngineMaterials/PPM_DefaultCalibrationColor.uexp" 349
"../../../Engine/Content/EngineMaterials/DefaultCalibrationGrayscale.uasset" 350
"../../../Engine/Content/EngineMaterials/DefaultCalibrationGrayscale.uexp" 351
"../../../Engine/Content/EngineMaterials/PPM_DefaultCalibrationGrayscale.uasset" 352
"../../../Engine/Content/EngineMaterials/PPM_DefaultCalibrationGrayscale.uexp" 353
"../../../Engine/Content/EngineMaterials/PreintegratedSkinBRDF.uasset" 354
"../../../Engine/Content/EngineMaterials/PreintegratedSkinBRDF.uexp" 355
"../../../Engine/Content/EngineMaterials/RemoveSurfaceMaterial.uasset" 356
"../../../Engine/Content/EngineMaterials/RemoveSurfaceMaterial.uexp" 357
"../../../Engine/Content/EngineMaterials/WeightMapPlaceholderTexture.uasset" 358
"../../../Engine/Content/EngineMaterials/WeightMapPlaceholderTexture.uexp" 359
"../../../Engine/Content/EngineResources/WhiteSquareTexture.uasset" 360
"../../../Engine/Content/EngineResources/WhiteSquareTexture.uexp" 361
"../../../Engine/Content/EngineMaterials/Widget3DPassThrough.uasset" 362
"../../../Engine/Content/EngineMaterials/Widget3DPassThrough.uexp" 363
"../../../Engine/Content/EngineMaterials/Widget3DPassThrough_Masked.uasset" 364
"../../../Engine/Content/EngineMaterials/Widget3DPassThrough_Masked.uexp" 365
"../../../Engine/Content/EngineMaterials/Widget3DPassThrough_Opaque.uasset" 366
"../../../Engine/Content/EngineMaterials/Widget3DPassThrough_Opaque.uexp" 367
"../../../Engine/Content/EngineMaterials/Widget3DPassThrough_Masked_OneSided.uasset" 368
"../../../Engine/Content/EngineMaterials/Widget3DPassThrough_Masked_OneSided.uexp" 369
"../../../Engine/Content/EngineMaterials/Widget3DPassThrough_Opaque_OneSided.uasset" 370
"../../../Engine/Content/EngineMaterials/Widget3DPassThrough_Opaque_OneSided.uexp" 371
"../../../Engine/Content/EngineMaterials/Widget3DPassThrough_Translucent.uasset" 372
"../../../Engine/Content/EngineMaterials/Widget3DPassThrough_Translucent.uexp" 373
"../../../Engine/Content/EngineMaterials/Widget3DPassThrough_Translucent_OneSided.uasset" 374
"../../../Engine/Content/EngineMaterials/Widget3DPassThrough_Translucent_OneSided.uexp" 375
"../../../Engine/Content/EngineMeshes/Cylinder.uasset" 376
"../../../Engine/Content/EngineMeshes/Cylinder.uexp" 377
"../../../Engine/Content/EngineMeshes/Sphere.uasset" 378
"../../../Engine/Content/EngineMeshes/Sphere.uexp" 379
"../../../Engine/Content/EngineResources/DefaultTexture.uasset" 380
"../../../Engine/Content/EngineResources/DefaultTexture.uexp" 381
"../../../Engine/Content/EngineResources/DefaultTexture.ubulk" 382
"../../../Engine/Content/EngineResources/DefaultTextureCube.uasset" 383
"../../../Engine/Content/EngineResources/DefaultTextureCube.uexp" 384
"../../../Engine/Content/EngineResources/DefaultVolumeTexture2D.uasset" 385
"../../../Engine/Content/EngineResources/DefaultVolumeTexture2D.uexp" 386
"../../../Engine/Content/EngineResources/DefaultVolumeTexture.uasset" 387
"../../../Engine/Content/EngineResources/DefaultVolumeTexture.uexp" 388
"../../../Engine/Content/EngineResources/GradientTexture0.uasset" 389
"../../../Engine/Content/EngineResources/GradientTexture0.uexp" 390
"../../../Engine/Content/EngineSky/VolumetricClouds/T_NoiseShape64.uasset" 391
"../../../Engine/Content/EngineSky/VolumetricClouds/T_NoiseShape64.uexp" 392
"../../../Engine/Content/EngineSky/VolumetricClouds/T_NoiseShape64.ubulk" 393
"../../../Engine/Content/EngineSky/VolumetricClouds/T_VolumeNoiseShape64.uasset" 394
"../../../Engine/Content/EngineSky/VolumetricClouds/T_VolumeNoiseShape64.uexp" 395
"../../../Engine/Content/EngineSky/VolumetricClouds/T_NoiseErosion.uasset" 396
"../../../Engine/Content/EngineSky/VolumetricClouds/T_NoiseErosion.uexp" 397
"../../../Engine/Content/EngineSky/VolumetricClouds/T_NoiseErosion.ubulk" 398
"../../../Engine/Content/EngineSky/VolumetricClouds/T_VolumeNoiseErosion32.uasset" 399
"../../../Engine/Content/EngineSky/VolumetricClouds/T_VolumeNoiseErosion32.uexp" 400
"../../../Engine/Content/EngineSky/VolumetricClouds/CloudWeatherTexture.uasset" 401
"../../../Engine/Content/EngineSky/VolumetricClouds/CloudWeatherTexture.uexp" 402
"../../../Engine/Content/EngineSky/VolumetricClouds/CloudGradientTexture.uasset" 403
"../../../Engine/Content/EngineSky/VolumetricClouds/CloudGradientTexture.uexp" 404
"../../../Engine/Content/Functions/Engine_MaterialFunctions02/Utility/MakeFloat2.uasset" 405
"../../../Engine/Content/Functions/Engine_MaterialFunctions02/Utility/MakeFloat2.uexp" 406
"../../../Engine/Content/EngineSky/VolumetricClouds/m_SimpleVolumetricCloud.uasset" 407
"../../../Engine/Content/EngineSky/VolumetricClouds/m_SimpleVolumetricCloud.uexp" 408
"../../../Engine/Content/EngineSky/VolumetricClouds/m_SimpleVolumetricCloud_Inst.uasset" 409
"../../../Engine/Content/EngineSky/VolumetricClouds/m_SimpleVolumetricCloud_Inst.uexp" 410
"../../../Engine/Content/Functions/Engine_MaterialFunctions01/Shading/PowerToRoughness.uasset" 411
"../../../Engine/Content/Functions/Engine_MaterialFunctions01/Shading/PowerToRoughness.uexp" 412
"../../../Engine/Content/Maps/Templates/Thumbnails/Default.uasset" 413
"../../../Engine/Content/Maps/Templates/Thumbnails/Default.uexp" 414
"../../../Engine/Content/Maps/Templates/Thumbnails/TimeOfDay.uasset" 415
"../../../Engine/Content/Maps/Templates/Thumbnails/TimeOfDay.uexp" 416
"../../../Engine/Content/Maps/Templates/Thumbnails/VR-Basic.uasset" 417
"../../../Engine/Content/Maps/Templates/Thumbnails/VR-Basic.uexp" 418
"../../../Engine/Content/MobileResources/T_MobileControls_texture.uasset" 419
"../../../Engine/Content/MobileResources/T_MobileControls_texture.uexp" 420
"../../../Engine/Content/MobileResources/T_MobileMenu2.uasset" 421
"../../../Engine/Content/MobileResources/T_MobileMenu2.uexp" 422
"../../../Engine/Content/MobileResources/HUD/AnalogHat.uasset" 423
"../../../Engine/Content/MobileResources/HUD/AnalogHat.uexp" 424
"../../../Engine/Content/MobileResources/HUD/VirtualJoystick_Thumb.uasset" 425
"../../../Engine/Content/MobileResources/HUD/VirtualJoystick_Thumb.uexp" 426
"../../../Engine/Content/MobileResources/HUD/VirtualJoystick_Background.uasset" 427
"../../../Engine/Content/MobileResources/HUD/VirtualJoystick_Background.uexp" 428
"../../../Engine/Content/MobileResources/HUD/DefaultVirtualJoysticks.uasset" 429
"../../../Engine/Content/MobileResources/HUD/DefaultVirtualJoysticks.uexp" 430
"../../../Engine/Content/MobileResources/HUD/LeftVirtualJoystickOnly.uasset" 431
"../../../Engine/Content/MobileResources/HUD/LeftVirtualJoystickOnly.uexp" 432
"../../../Engine/Content/MobileResources/HUD/MobileHUDButton1_off.uasset" 433
"../../../Engine/Content/MobileResources/HUD/MobileHUDButton1_off.uexp" 434
"../../../Engine/Content/MobileResources/HUD/MobileHUDButton1_on.uasset" 435
"../../../Engine/Content/MobileResources/HUD/MobileHUDButton1_on.uexp" 436
"../../../Engine/Content/MobileResources/HUD/MobileHUDButton2_off.uasset" 437
"../../../Engine/Content/MobileResources/HUD/MobileHUDButton2_off.uexp" 438
"../../../Engine/Content/MobileResources/HUD/MobileHUDButton2_on.uasset" 439
"../../../Engine/Content/MobileResources/HUD/MobileHUDButton2_on.uexp" 440
"../../../Engine/Content/MobileResources/HUD/MobileHUDButton3.uasset" 441
"../../../Engine/Content/MobileResources/HUD/MobileHUDButton3.uexp" 442
"../../../Engine/Content/MobileResources/HUD/MobileHUDButtonFire.uasset" 443
"../../../Engine/Content/MobileResources/HUD/MobileHUDButtonFire.uexp" 444
"../../../Engine/Content/MobileResources/HUD/MobileHUDDirectionPad.uasset" 445
"../../../Engine/Content/MobileResources/HUD/MobileHUDDirectionPad.uexp" 446
"../../../Engine/Content/MobileResources/HUD/MobileHUDDirectionPad2.uasset" 447
"../../../Engine/Content/MobileResources/HUD/MobileHUDDirectionPad2.uexp" 448
"../../../Engine/Content/MobileResources/HUD/MobileHUDDirectionPad3.uasset" 449
"../../../Engine/Content/MobileResources/HUD/MobileHUDDirectionPad3.uexp" 450
"../../../Engine/Content/MobileResources/HUD/MobileHUDDirectionStick.uasset" 451
"../../../Engine/Content/MobileResources/HUD/MobileHUDDirectionStick.uexp" 452
"../../../Engine/Content/MobileResources/HUD/T_Castle_ThumbstickInner.uasset" 453
"../../../Engine/Content/MobileResources/HUD/T_Castle_ThumbstickInner.uexp" 454
"../../../Engine/Content/MobileResources/HUD/T_Castle_ThumbstickOutter.uasset" 455
"../../../Engine/Content/MobileResources/HUD/T_Castle_ThumbstickOutter.uexp" 456
"../../../Engine/Content/Tutorial/ContentIntroCurve.uasset" 457
"../../../Engine/Content/Tutorial/ContentIntroCurve.uexp" 458
"../../../Engine/Content/Tutorial/Basics/TutorialAssets/icon_tab_Levels_40x.uasset" 459
"../../../Engine/Content/Tutorial/Basics/TutorialAssets/icon_tab_Levels_40x.uexp" 460
"../../../Engine/Content/Tutorial/BlueprintTutorials/TutorialAssets/Blueprint_64x.uasset" 461
"../../../Engine/Content/Tutorial/BlueprintTutorials/TutorialAssets/Blueprint_64x.uexp" 462
"../../../Engine/Content/Tutorial/BlueprintTutorials/TutorialAssets/BlueprintInterface_64x.uasset" 463
"../../../Engine/Content/Tutorial/BlueprintTutorials/TutorialAssets/BlueprintInterface_64x.uexp" 464
"../../../Engine/Content/Tutorial/BlueprintTutorials/TutorialAssets/Tutorial_BP_Interface.uasset" 465
"../../../Engine/Content/Tutorial/BlueprintTutorials/TutorialAssets/Tutorial_BP_Interface.uexp" 466
"../../../Engine/Plugins/2D/Paper2D/Content/PlaceholderTextures/DummySpriteTexture.uasset" 467
"../../../Engine/Plugins/2D/Paper2D/Content/PlaceholderTextures/DummySpriteTexture.uexp" 468
"../../../Engine/Plugins/2D/Paper2D/Content/PlaceholderTextures/DummySpriteTexture.ubulk" 469
"../../../Engine/Plugins/2D/Paper2D/Content/DummySprite.uasset" 470
"../../../Engine/Plugins/2D/Paper2D/Content/DummySprite.uexp" 471
"../../../Engine/Plugins/2D/Paper2D/Content/DefaultPaperTerrainMaterial.uasset" 472
"../../../Engine/Plugins/2D/Paper2D/Content/DefaultPaperTerrainMaterial.uexp" 473
"../../../Engine/Plugins/2D/Paper2D/Content/DefaultSpriteMaterial.uasset" 474
"../../../Engine/Plugins/2D/Paper2D/Content/DefaultSpriteMaterial.uexp" 475
"../../../Engine/Plugins/2D/Paper2D/Content/MaskedUnlitSpriteMaterial.uasset" 476
"../../../Engine/Plugins/2D/Paper2D/Content/MaskedUnlitSpriteMaterial.uexp" 477
"../../../Engine/Plugins/2D/Paper2D/Content/OpaqueUnlitSpriteMaterial.uasset" 478
"../../../Engine/Plugins/2D/Paper2D/Content/OpaqueUnlitSpriteMaterial.uexp" 479
"../../../Engine/Content/Functions/Engine_MaterialFunctions02/Utility/BreakOutFloat3Components.uasset" 480
"../../../Engine/Content/Functions/Engine_MaterialFunctions02/Utility/BreakOutFloat3Components.uexp" 481
"../../../Engine/Content/Functions/Engine_MaterialFunctions02/Utility/VectorLength.uasset" 482
"../../../Engine/Content/Functions/Engine_MaterialFunctions02/Utility/VectorLength.uexp" 483
"../../../Engine/Content/Functions/Engine_MaterialFunctions02/WorldPositionOffset/ObjectScale.uasset" 484
"../../../Engine/Content/Functions/Engine_MaterialFunctions02/WorldPositionOffset/ObjectScale.uexp" 485
"../../../Engine/Content/Functions/Engine_MaterialFunctions02/ObjectLocalBounds.uasset" 486
"../../../Engine/Content/Functions/Engine_MaterialFunctions02/ObjectLocalBounds.uexp" 487
"../../../Engine/Content/Functions/Engine_MaterialFunctions02/UVs/BoundingBoxBased_0-1_UVW.uasset" 488
"../../../Engine/Content/Functions/Engine_MaterialFunctions02/UVs/BoundingBoxBased_0-1_UVW.uexp" 489
"../../../Engine/Content/Functions/Engine_MaterialFunctions02/SafeNormalize.uasset" 490
"../../../Engine/Content/Functions/Engine_MaterialFunctions02/SafeNormalize.uexp" 491
"../../../Engine/Plugins/Editor/SpeedTreeImporter/Content/SpeedTree9/UnpackInteger3.uasset" 492
"../../../Engine/Plugins/Editor/SpeedTreeImporter/Content/SpeedTree9/UnpackInteger3.uexp" 493
"../../../Engine/Plugins/Editor/SpeedTreeImporter/Content/SpeedTree9/UnpackDirection.uasset" 494
"../../../Engine/Plugins/Editor/SpeedTreeImporter/Content/SpeedTree9/UnpackDirection.uexp" 495
"../../../Engine/Plugins/Editor/SpeedTreeImporter/Content/SpeedTree9/game_wind_noise.uasset" 496
"../../../Engine/Plugins/Editor/SpeedTreeImporter/Content/SpeedTree9/game_wind_noise.uexp" 497
"../../../Engine/Plugins/Editor/SpeedTreeImporter/Content/SpeedTree9/game_wind_noise.ubulk" 498
"../../../Engine/Plugins/Editor/SpeedTreeImporter/Content/SpeedTree9/SpeedTreeWindMotion.uasset" 499
"../../../Engine/Plugins/Editor/SpeedTreeImporter/Content/SpeedTree9/SpeedTreeWindMotion.uexp" 500
"../../../Engine/Plugins/Editor/SpeedTreeImporter/Content/SpeedTree9/SpeedTreeBranchMotion.uasset" 501
"../../../Engine/Plugins/Editor/SpeedTreeImporter/Content/SpeedTree9/SpeedTreeBranchMotion.uexp" 502
"../../../Engine/Plugins/Editor/SpeedTreeImporter/Content/SpeedTree9/SpeedTreeWind.uasset" 503
"../../../Engine/Plugins/Editor/SpeedTreeImporter/Content/SpeedTree9/SpeedTreeWind.uexp" 504
"../../../Engine/Plugins/Editor/SpeedTreeImporter/Content/SpeedTree9/SpeedTreeBillboard.uasset" 505
"../../../Engine/Plugins/Editor/SpeedTreeImporter/Content/SpeedTree9/SpeedTreeBillboard.uexp" 506
"../../../Engine/Plugins/Editor/SpeedTreeImporter/Content/SpeedTree9/EmptyNormal.uasset" 507
"../../../Engine/Plugins/Editor/SpeedTreeImporter/Content/SpeedTree9/EmptyNormal.uexp" 508
"../../../Engine/Plugins/Editor/SpeedTreeImporter/Content/SpeedTree9/Empty.uasset" 509
"../../../Engine/Plugins/Editor/SpeedTreeImporter/Content/SpeedTree9/Empty.uexp" 510
"../../../Engine/Plugins/Editor/SpeedTreeImporter/Content/SpeedTree9/SpeedTreeBillboardMaster.uasset" 511
"../../../Engine/Plugins/Editor/SpeedTreeImporter/Content/SpeedTree9/SpeedTreeBillboardMaster.uexp" 512
"../../../Engine/Plugins/Editor/SpeedTreeImporter/Content/SpeedTree9/SpeedTreeCameraFacing.uasset" 513
"../../../Engine/Plugins/Editor/SpeedTreeImporter/Content/SpeedTree9/SpeedTreeCameraFacing.uexp" 514
"../../../Engine/Plugins/Editor/SpeedTreeImporter/Content/SpeedTree9/SpeedTreeMaster.uasset" 515
"../../../Engine/Plugins/Editor/SpeedTreeImporter/Content/SpeedTree9/SpeedTreeMaster.uexp" 516
"../../../Engine/Content/BasicShapes/Cylinder.uasset" 517
"../../../Engine/Content/BasicShapes/Cylinder.uexp" 518
"../../../Engine/Content/ArtTools/RenderToTexture/Materials/Debug/M_Emissive_Color.uasset" 519
"../../../Engine/Content/ArtTools/RenderToTexture/Materials/Debug/M_Emissive_Color.uexp" 520
"../../../Engine/Plugins/Lumin/MagicLeapPassableWorld/Content/MagicLeapARPinInfoActor.uasset" 521
"../../../Engine/Plugins/Lumin/MagicLeapPassableWorld/Content/MagicLeapARPinInfoActor.uexp" 522
"../../../Engine/Content/EngineResources/Black.uasset" 523
"../../../Engine/Content/EngineResources/Black.uexp" 524
"../../../Engine/Plugins/Runtime/OpenXR/Content/Devices/GoogleDaydream/MRTexture.uasset" 525
"../../../Engine/Plugins/Runtime/OpenXR/Content/Devices/GoogleDaydream/MRTexture.uexp" 526
"../../../Engine/Plugins/Runtime/OpenXR/Content/Devices/GoogleDaydream/MRTexture.ubulk" 527
"../../../Engine/Plugins/Runtime/OpenXR/Content/Devices/GoogleDaydream/BaseTexture.uasset" 528
"../../../Engine/Plugins/Runtime/OpenXR/Content/Devices/GoogleDaydream/BaseTexture.uexp" 529
"../../../Engine/Plugins/Runtime/OpenXR/Content/Devices/GoogleDaydream/BaseTexture.ubulk" 530
"../../../Engine/Plugins/Runtime/OpenXR/Content/Devices/M_XRController.uasset" 531
"../../../Engine/Plugins/Runtime/OpenXR/Content/Devices/M_XRController.uexp" 532
"../../../Engine/Plugins/Runtime/OpenXR/Content/Devices/GoogleDaydream/MI_GoogleDaydream.uasset" 533
"../../../Engine/Plugins/Runtime/OpenXR/Content/Devices/GoogleDaydream/MI_GoogleDaydream.uexp" 534
"../../../Engine/Plugins/Runtime/OpenXR/Content/Devices/GoogleDaydream/GoogleDaydreamController.uasset" 535
"../../../Engine/Plugins/Runtime/OpenXR/Content/Devices/GoogleDaydream/GoogleDaydreamController.uexp" 536
"../../../Engine/Plugins/Runtime/OpenXR/Content/Devices/HTCVive/BaseTexture.uasset" 537
"../../../Engine/Plugins/Runtime/OpenXR/Content/Devices/HTCVive/BaseTexture.uexp" 538
"../../../Engine/Plugins/Runtime/OpenXR/Content/Devices/HTCVive/BaseTexture.ubulk" 539
"../../../Engine/Plugins/Runtime/OpenXR/Content/Devices/HTCVive/MI_HTCVive.uasset" 540
"../../../Engine/Plugins/Runtime/OpenXR/Content/Devices/HTCVive/MI_HTCVive.uexp" 541
"../../../Engine/Plugins/Runtime/OpenXR/Content/Devices/HTCVive/HTCViveController.uasset" 542
"../../../Engine/Plugins/Runtime/OpenXR/Content/Devices/HTCVive/HTCViveController.uexp" 543
"../../../Engine/Plugins/Runtime/OpenXR/Content/Devices/MicrosoftMixedReality/NormalTexture.uasset" 544
"../../../Engine/Plugins/Runtime/OpenXR/Content/Devices/MicrosoftMixedReality/NormalTexture.uexp" 545
"../../../Engine/Plugins/Runtime/OpenXR/Content/Devices/MicrosoftMixedReality/NormalTexture.ubulk" 546
"../../../Engine/Plugins/Runtime/OpenXR/Content/Devices/MicrosoftMixedReality/MRTexture.uasset" 547
"../../../Engine/Plugins/Runtime/OpenXR/Content/Devices/MicrosoftMixedReality/MRTexture.uexp" 548
"../../../Engine/Plugins/Runtime/OpenXR/Content/Devices/MicrosoftMixedReality/MRTexture.ubulk" 549
"../../../Engine/Plugins/Runtime/OpenXR/Content/Devices/MicrosoftMixedReality/EmissiveTexture.uasset" 550
"../../../Engine/Plugins/Runtime/OpenXR/Content/Devices/MicrosoftMixedReality/EmissiveTexture.uexp" 551
"../../../Engine/Plugins/Runtime/OpenXR/Content/Devices/MicrosoftMixedReality/EmissiveTexture.ubulk" 552
"../../../Engine/Plugins/Runtime/OpenXR/Content/Devices/MicrosoftMixedReality/BaseTexture.uasset" 553
"../../../Engine/Plugins/Runtime/OpenXR/Content/Devices/MicrosoftMixedReality/BaseTexture.uexp" 554
"../../../Engine/Plugins/Runtime/OpenXR/Content/Devices/MicrosoftMixedReality/BaseTexture.ubulk" 555
"../../../Engine/Plugins/Runtime/OpenXR/Content/Devices/MicrosoftMixedReality/MI_MicrosoftMixedReality.uasset" 556
"../../../Engine/Plugins/Runtime/OpenXR/Content/Devices/MicrosoftMixedReality/MI_MicrosoftMixedReality.uexp" 557
"../../../Engine/Plugins/Runtime/OpenXR/Content/Devices/MicrosoftMixedReality/Left/left_MicrosoftMixedRealityController.uasset" 558
"../../../Engine/Plugins/Runtime/OpenXR/Content/Devices/MicrosoftMixedReality/Left/left_MicrosoftMixedRealityController.uexp" 559
"../../../Engine/Plugins/Runtime/OpenXR/Content/Devices/MicrosoftMixedReality/Right/right_MicrosoftMixedRealityController.uasset" 560
"../../../Engine/Plugins/Runtime/OpenXR/Content/Devices/MicrosoftMixedReality/Right/right_MicrosoftMixedRealityController.uexp" 561
"../../../Engine/Plugins/Runtime/OpenXR/Content/Devices/OculusGo/BaseTexture.uasset" 562
"../../../Engine/Plugins/Runtime/OpenXR/Content/Devices/OculusGo/BaseTexture.uexp" 563
"../../../Engine/Plugins/Runtime/OpenXR/Content/Devices/OculusGo/BaseTexture.ubulk" 564
"../../../Engine/Plugins/Runtime/OpenXR/Content/Devices/OculusGo/MI_OculusGo.uasset" 565
"../../../Engine/Plugins/Runtime/OpenXR/Content/Devices/OculusGo/MI_OculusGo.uexp" 566
"../../../Engine/Plugins/Runtime/OpenXR/Content/Devices/OculusGo/OculusGoController.uasset" 567
"../../../Engine/Plugins/Runtime/OpenXR/Content/Devices/OculusGo/OculusGoController.uexp" 568
"../../../Engine/Plugins/Runtime/OpenXR/Content/Devices/OculusTouch/MRTexture.uasset" 569
"../../../Engine/Plugins/Runtime/OpenXR/Content/Devices/OculusTouch/MRTexture.uexp" 570
"../../../Engine/Plugins/Runtime/OpenXR/Content/Devices/OculusTouch/MRTexture.ubulk" 571
"../../../Engine/Plugins/Runtime/OpenXR/Content/Devices/OculusTouch/BaseTexture.uasset" 572
"../../../Engine/Plugins/Runtime/OpenXR/Content/Devices/OculusTouch/BaseTexture.uexp" 573
"../../../Engine/Plugins/Runtime/OpenXR/Content/Devices/OculusTouch/BaseTexture.ubulk" 574
"../../../Engine/Plugins/Runtime/OpenXR/Content/Devices/OculusTouch/MI_OculusTouch.uasset" 575
"../../../Engine/Plugins/Runtime/OpenXR/Content/Devices/OculusTouch/MI_OculusTouch.uexp" 576
"../../../Engine/Plugins/Runtime/OpenXR/Content/Devices/OculusTouch/Left/left_OculusTouchController.uasset" 577
"../../../Engine/Plugins/Runtime/OpenXR/Content/Devices/OculusTouch/Left/left_OculusTouchController.uexp" 578
"../../../Engine/Plugins/Runtime/OpenXR/Content/Devices/OculusTouch/Right/right_OculusTouchController.uasset" 579
"../../../Engine/Plugins/Runtime/OpenXR/Content/Devices/OculusTouch/Right/right_OculusTouchController.uexp" 580
"../../../Engine/Plugins/Runtime/OpenXR/Content/Devices/OculusTouch_v2/MRTexture.uasset" 581
"../../../Engine/Plugins/Runtime/OpenXR/Content/Devices/OculusTouch_v2/MRTexture.uexp" 582
"../../../Engine/Plugins/Runtime/OpenXR/Content/Devices/OculusTouch_v2/MRTexture.ubulk" 583
"../../../Engine/Plugins/Runtime/OpenXR/Content/Devices/OculusTouch_v2/BaseTexture.uasset" 584
"../../../Engine/Plugins/Runtime/OpenXR/Content/Devices/OculusTouch_v2/BaseTexture.uexp" 585
"../../../Engine/Plugins/Runtime/OpenXR/Content/Devices/OculusTouch_v2/BaseTexture.ubulk" 586
"../../../Engine/Plugins/Runtime/OpenXR/Content/Devices/OculusTouch_v2/MI_OculusTouch_v2.uasset" 587
"../../../Engine/Plugins/Runtime/OpenXR/Content/Devices/OculusTouch_v2/MI_OculusTouch_v2.uexp" 588
"../../../Engine/Plugins/Runtime/OpenXR/Content/Devices/OculusTouch_v2/Left/left_OculusTouch_v2Controller.uasset" 589
"../../../Engine/Plugins/Runtime/OpenXR/Content/Devices/OculusTouch_v2/Left/left_OculusTouch_v2Controller.uexp" 590
"../../../Engine/Plugins/Runtime/OpenXR/Content/Devices/OculusTouch_v2/Right/right_OculusTouch_v2Controller.uasset" 591
"../../../Engine/Plugins/Runtime/OpenXR/Content/Devices/OculusTouch_v2/Right/right_OculusTouch_v2Controller.uexp" 592
"../../../Engine/Plugins/Runtime/OpenXR/Content/Devices/OculusTouch_v3/MRTexture.uasset" 593
"../../../Engine/Plugins/Runtime/OpenXR/Content/Devices/OculusTouch_v3/MRTexture.uexp" 594
"../../../Engine/Plugins/Runtime/OpenXR/Content/Devices/OculusTouch_v3/MRTexture.ubulk" 595
"../../../Engine/Plugins/Runtime/OpenXR/Content/Devices/OculusTouch_v3/BaseTexture.uasset" 596
"../../../Engine/Plugins/Runtime/OpenXR/Content/Devices/OculusTouch_v3/BaseTexture.uexp" 597
"../../../Engine/Plugins/Runtime/OpenXR/Content/Devices/OculusTouch_v3/BaseTexture.ubulk" 598
"../../../Engine/Plugins/Runtime/OpenXR/Content/Devices/OculusTouch_v3/MI_OculusTouch_v3.uasset" 599
"../../../Engine/Plugins/Runtime/OpenXR/Content/Devices/OculusTouch_v3/MI_OculusTouch_v3.uexp" 600
"../../../Engine/Plugins/Runtime/OpenXR/Content/Devices/OculusTouch_v3/Left/left_OculusTouch_v3Controller.uasset" 601
"../../../Engine/Plugins/Runtime/OpenXR/Content/Devices/OculusTouch_v3/Left/left_OculusTouch_v3Controller.uexp" 602
"../../../Engine/Plugins/Runtime/OpenXR/Content/Devices/OculusTouch_v3/Right/right_OculusTouch_v3Controller.uasset" 603
"../../../Engine/Plugins/Runtime/OpenXR/Content/Devices/OculusTouch_v3/Right/right_OculusTouch_v3Controller.uexp" 604
"../../../Engine/Plugins/Runtime/OpenXR/Content/Devices/ValveIndex/MRTexture.uasset" 605
"../../../Engine/Plugins/Runtime/OpenXR/Content/Devices/ValveIndex/MRTexture.uexp" 606
"../../../Engine/Plugins/Runtime/OpenXR/Content/Devices/ValveIndex/MRTexture.ubulk" 607
"../../../Engine/Plugins/Runtime/OpenXR/Content/Devices/ValveIndex/BaseTexture.uasset" 608
"../../../Engine/Plugins/Runtime/OpenXR/Content/Devices/ValveIndex/BaseTexture.uexp" 609
"../../../Engine/Plugins/Runtime/OpenXR/Content/Devices/ValveIndex/BaseTexture.ubulk" 610
"../../../Engine/Plugins/Runtime/OpenXR/Content/Devices/ValveIndex/Left/MI_left_ValveIndex.uasset" 611
"../../../Engine/Plugins/Runtime/OpenXR/Content/Devices/ValveIndex/Left/MI_left_ValveIndex.uexp" 612
"../../../Engine/Plugins/Runtime/OpenXR/Content/Devices/ValveIndex/Left/left_ValveIndexController.uasset" 613
"../../../Engine/Plugins/Runtime/OpenXR/Content/Devices/ValveIndex/Left/left_ValveIndexController.uexp" 614
"../../../Engine/Plugins/Runtime/OpenXR/Content/Devices/ValveIndex/Right/MI_right_ValveIndex.uasset" 615
"../../../Engine/Plugins/Runtime/OpenXR/Content/Devices/ValveIndex/Right/MI_right_ValveIndex.uexp" 616
"../../../Engine/Plugins/Runtime/OpenXR/Content/Devices/ValveIndex/Right/right_ValveIndexController.uasset" 617
"../../../Engine/Plugins/Runtime/OpenXR/Content/Devices/ValveIndex/Right/right_ValveIndexController.uexp" 618
"../../../Engine/Content/Functions/Engine_MaterialFunctions02/Utility/BreakOutFloat4Components.uasset" 619
"../../../Engine/Content/Functions/Engine_MaterialFunctions02/Utility/BreakOutFloat4Components.uexp" 620
"../../../Engine/Content/Functions/Engine_MaterialFunctions02/Utility/MakeFloat3.uasset" 621
"../../../Engine/Content/Functions/Engine_MaterialFunctions02/Utility/MakeFloat3.uexp" 622
"../../../Engine/Plugins/Runtime/Oculus/OculusVR/Content/Materials/OculusMR_ChromaKey.uasset" 623
"../../../Engine/Plugins/Runtime/Oculus/OculusVR/Content/Materials/OculusMR_ChromaKey.uexp" 624
"../../../Engine/Plugins/Runtime/Oculus/OculusVR/Content/Materials/OculusMR_OpaqueColoredMaterial.uasset" 625
"../../../Engine/Plugins/Runtime/Oculus/OculusVR/Content/Materials/OculusMR_OpaqueColoredMaterial.uexp" 626
"../../../Engine/Plugins/Runtime/Oculus/OculusVR/Content/Materials/PokeAHoleMaterial.uasset" 627
"../../../Engine/Plugins/Runtime/Oculus/OculusVR/Content/Materials/PokeAHoleMaterial.uexp" 628
"../../../Engine/Plugins/Runtime/Oculus/OculusVR/Content/Textures/touchController_controlmap.uasset" 629
"../../../Engine/Plugins/Runtime/Oculus/OculusVR/Content/Textures/touchController_controlmap.uexp" 630
"../../../Engine/Plugins/Runtime/Oculus/OculusVR/Content/Textures/touchController_controlmap.ubulk" 631
"../../../Engine/Plugins/Runtime/Oculus/OculusVR/Content/Textures/touchController_albedo.uasset" 632
"../../../Engine/Plugins/Runtime/Oculus/OculusVR/Content/Textures/touchController_albedo.uexp" 633
"../../../Engine/Plugins/Runtime/Oculus/OculusVR/Content/Textures/touchController_albedo.ubulk" 634
"../../../Engine/Plugins/Runtime/Oculus/OculusVR/Content/Materials/touchController_mat.uasset" 635
"../../../Engine/Plugins/Runtime/Oculus/OculusVR/Content/Materials/touchController_mat.uexp" 636
"../../../Engine/Plugins/Runtime/Oculus/OculusVR/Content/Meshes/LeftTouchController.uasset" 637
"../../../Engine/Plugins/Runtime/Oculus/OculusVR/Content/Meshes/LeftTouchController.uexp" 638
"../../../Engine/Plugins/Runtime/Oculus/OculusVR/Content/Textures/TouchForQuestRiftSController_albedo.uasset" 639
"../../../Engine/Plugins/Runtime/Oculus/OculusVR/Content/Textures/TouchForQuestRiftSController_albedo.uexp" 640
"../../../Engine/Plugins/Runtime/Oculus/OculusVR/Content/Textures/TouchForQuestRiftSController_albedo.ubulk" 641
"../../../Engine/Plugins/Runtime/Oculus/OculusVR/Content/Materials/TouchForQuestRiftSControllerMaterial.uasset" 642
"../../../Engine/Plugins/Runtime/Oculus/OculusVR/Content/Materials/TouchForQuestRiftSControllerMaterial.uexp" 643
"../../../Engine/Plugins/Runtime/Oculus/OculusVR/Content/Meshes/LeftTouchForQuestRiftSController.uasset" 644
"../../../Engine/Plugins/Runtime/Oculus/OculusVR/Content/Meshes/LeftTouchForQuestRiftSController.uexp" 645
"../../../Engine/Plugins/Runtime/Oculus/OculusVR/Content/Meshes/RiftHMD.uasset" 646
"../../../Engine/Plugins/Runtime/Oculus/OculusVR/Content/Meshes/RiftHMD.uexp" 647
"../../../Engine/Plugins/Runtime/Oculus/OculusVR/Content/Meshes/RightTouchController.uasset" 648
"../../../Engine/Plugins/Runtime/Oculus/OculusVR/Content/Meshes/RightTouchController.uexp" 649
"../../../Engine/Plugins/Runtime/Oculus/OculusVR/Content/Meshes/RightTouchForQuestRiftSController.uasset" 650
"../../../Engine/Plugins/Runtime/Oculus/OculusVR/Content/Meshes/RightTouchForQuestRiftSController.uexp" 651
"F:/Unreal projects/test/SPC/Content/FirstPerson/Meshes/CubeMaterialOverride.uasset" 652
"F:/Unreal projects/test/SPC/Content/FirstPerson/Meshes/CubeMaterialOverride.uexp" 653
"../../../Engine/Content/EngineSky/T_Sky_Blue.uasset" 654
"../../../Engine/Content/EngineSky/T_Sky_Blue.uexp" 655
"../../../Engine/Content/EngineSky/T_Sky_Blue.ubulk" 656
"../../../Engine/Content/EngineSky/T_Sky_Clouds_M.uasset" 657
"../../../Engine/Content/EngineSky/T_Sky_Clouds_M.uexp" 658
"../../../Engine/Content/EngineSky/T_Sky_Clouds_M.ubulk" 659
"../../../Engine/Content/EngineSky/T_Sky_Stars.uasset" 660
"../../../Engine/Content/EngineSky/T_Sky_Stars.uexp" 661
"../../../Engine/Content/EngineSky/T_Sky_Stars.ubulk" 662
"../../../Engine/Content/EngineSky/M_Sky_Panning_Clouds2.uasset" 663
"../../../Engine/Content/EngineSky/M_Sky_Panning_Clouds2.uexp" 664
"../../../Engine/Content/EngineSky/SM_SkySphere.uasset" 665
"../../../Engine/Content/EngineSky/SM_SkySphere.uexp" 666
"../../../Engine/Content/EngineSky/C_Sky_Zenith_Color.uasset" 667
"../../../Engine/Content/EngineSky/C_Sky_Zenith_Color.uexp" 668
"../../../Engine/Content/EngineSky/C_Sky_Horizon_Color.uasset" 669
"../../../Engine/Content/EngineSky/C_Sky_Horizon_Color.uexp" 670
"../../../Engine/Content/EngineSky/C_Sky_Cloud_Color.uasset" 671
"../../../Engine/Content/EngineSky/C_Sky_Cloud_Color.uexp" 672
"../../../Engine/Content/EngineSky/BP_Sky_Sphere.uasset" 673
"../../../Engine/Content/EngineSky/BP_Sky_Sphere.uexp" 674
"F:/Unreal projects/test/SPC/Content/FirstPerson/Textures/bullet.uasset" 675
"F:/Unreal projects/test/SPC/Content/FirstPerson/Textures/bullet.uexp" 676
"F:/Unreal projects/test/SPC/Content/FirstPerson/Textures/bullet.ubulk" 677
"F:/Unreal projects/test/SPC/Content/FirstPerson/Textures/health.uasset" 678
"F:/Unreal projects/test/SPC/Content/FirstPerson/Textures/health.uexp" 679
"F:/Unreal projects/test/SPC/Content/FirstPerson/Textures/stamina.uasset" 680
"F:/Unreal projects/test/SPC/Content/FirstPerson/Textures/stamina.uexp" 681
"F:/Unreal projects/test/SPC/Content/HUD/HUD.uasset" 682
"F:/Unreal projects/test/SPC/Content/HUD/HUD.uexp" 683
"F:/Unreal projects/test/SPC/Content/StarterContent/Audio/gameplaymusic.uasset" 684
"F:/Unreal projects/test/SPC/Content/StarterContent/Audio/gameplaymusic.uexp" 685
"F:/Unreal projects/test/SPC/Content/Geometry/Meshes/CubeMaterial.uasset" 686
"F:/Unreal projects/test/SPC/Content/Geometry/Meshes/CubeMaterial.uexp" 687
"F:/Unreal projects/test/SPC/Content/Geometry/Meshes/1M_Cube.uasset" 688
"F:/Unreal projects/test/SPC/Content/Geometry/Meshes/1M_Cube.uexp" 689
"F:/Unreal projects/test/SPC/Content/FirstPersonBP/Maps/Level1.uexp" 690
"F:/Unreal projects/test/SPC/Content/FirstPersonBP/Maps/Level1.umap" 691
"F:/Unreal projects/test/SPC/Content/Menu/MenuLevel_BuiltData.uasset" 692
"F:/Unreal projects/test/SPC/Content/Menu/MenuLevel_BuiltData.uexp" 693
"F:/Unreal projects/test/SPC/Content/StarterContent/Audio/menumusic2.uasset" 694
"F:/Unreal projects/test/SPC/Content/StarterContent/Audio/menumusic2.uexp" 695
"F:/Unreal projects/test/SPC/Content/Menu/MenuLevel.uexp" 696
"F:/Unreal projects/test/SPC/Content/Menu/MenuLevel.umap" 697
"../../../Engine/Content/Maps/Entry_BuiltData.uasset" 698
"../../../Engine/Content/Maps/Entry_BuiltData.uexp" 699
"../../../Engine/Content/Maps/Entry.uexp" 700
"../../../Engine/Content/Maps/Entry.umap" 701
